<?xml version="1.0" encoding="UTF-8"?>
<!-- Generated by org.testng.reporters.JUnitXMLReporter -->
<testsuite ignored="0" hostname="Igors-MacBook-Pro.local" failures="1" tests="1" name="Test" time="760.313" errors="0" timestamp="2023-02-12T14:46:41 IST">
  <testcase classname="babyarkWeb.Tests.SimpleCheckTests" name="foreverSafeFrameTest" time="745.835">
    <failure type="org.openqa.selenium.NoSuchElementException" message="no such element: Unable to locate element: {&amp;quot;method&amp;quot;:&amp;quot;xpath&amp;quot;,&amp;quot;selector&amp;quot;:&amp;quot;//div[@class=&amp;apos;grid__item product__media-wrapper hidem&amp;apos;]//div[@class=&amp;apos;max-width&amp;apos;]//div[@class=&amp;apos;product&amp;apos;]//div//div[@class=&amp;apos;under-product-icon&amp;apos;]//div[@class=&amp;apos;row&amp;apos;]//div[@class=&amp;apos;col-3 col-md-3 col-lg-3&amp;apos;]//div//a[@href=&amp;quot;javascript:jQuery(&amp;apos;#forever-modal&amp;apos;).modal(&amp;apos;show&amp;apos;)&amp;quot;][contains(text(),&amp;apos;ForeverSafe™&amp;apos;)]&amp;quot;}
  (Session info: chrome=109.0.5414.119)
For documentation on this error, please visit: https://selenium.dev/exceptions/#no_such_element
Build info: version: &amp;apos;4.7.2&amp;apos;, revision: &amp;apos;4d4020c3b7&amp;apos;
System info: os.name: &amp;apos;Mac OS X&amp;apos;, os.arch: &amp;apos;x86_64&amp;apos;, os.version: &amp;apos;13.1&amp;apos;, java.version: &amp;apos;17.0.4&amp;apos;
Driver info: org.openqa.selenium.chrome.ChromeDriver
Command: [4b4e9f6066b0e9b1230e88cf77042750, findElement {using=xpath, value=//div[@class=&amp;apos;grid__item product__media-wrapper hidem&amp;apos;]//div[@class=&amp;apos;max-width&amp;apos;]//div[@class=&amp;apos;product&amp;apos;]//div//div[@class=&amp;apos;under-product-icon&amp;apos;]//div[@class=&amp;apos;row&amp;apos;]//div[@class=&amp;apos;col-3 col-md-3 col-lg-3&amp;apos;]//div//a[@href=&amp;quot;javascript:jQuery(&amp;apos;#forever-modal&amp;apos;).modal(&amp;apos;show&amp;apos;)&amp;quot;][contains(text(),&amp;apos;ForeverSafe™&amp;apos;)]}]
Capabilities {acceptInsecureCerts: false, browserName: chrome, browserVersion: 109.0.5414.119, chrome: {chromedriverVersion: 109.0.5414.74 (e7c5703604da..., userDataDir: /var/folders/yf/nnr6c17s4fd...}, goog:chromeOptions: {debuggerAddress: localhost:49675}, networkConnectionEnabled: false, pageLoadStrategy: normal, platformName: MAC, proxy: Proxy(), se:cdp: ws://localhost:49675/devtoo..., se:cdpVersion: 109.0.5414.119, setWindowRect: true, strictFileInteractability: false, timeouts: {implicit: 0, pageLoad: 300000, script: 30000}, unhandledPromptBehavior: dismiss and notify, webauthn:extension:credBlob: true, webauthn:extension:largeBlob: true, webauthn:virtualAuthenticators: true}
Session ID: 4b4e9f6066b0e9b1230e88cf77042750">
      <![CDATA[org.openqa.selenium.NoSuchElementException: no such element: Unable to locate element: {"method":"xpath","selector":"//div[@class='grid__item product__media-wrapper hidem']//div[@class='max-width']//div[@class='product']//div//div[@class='under-product-icon']//div[@class='row']//div[@class='col-3 col-md-3 col-lg-3']//div//a[@href="javascript:jQuery('#forever-modal').modal('show')"][contains(text(),'ForeverSafe™')]"}
  (Session info: chrome=109.0.5414.119)
For documentation on this error, please visit: https://selenium.dev/exceptions/#no_such_element
Build info: version: '4.7.2', revision: '4d4020c3b7'
System info: os.name: 'Mac OS X', os.arch: 'x86_64', os.version: '13.1', java.version: '17.0.4'
Driver info: org.openqa.selenium.chrome.ChromeDriver
Command: [4b4e9f6066b0e9b1230e88cf77042750, findElement {using=xpath, value=//div[@class='grid__item product__media-wrapper hidem']//div[@class='max-width']//div[@class='product']//div//div[@class='under-product-icon']//div[@class='row']//div[@class='col-3 col-md-3 col-lg-3']//div//a[@href="javascript:jQuery('#forever-modal').modal('show')"][contains(text(),'ForeverSafe™')]}]
Capabilities {acceptInsecureCerts: false, browserName: chrome, browserVersion: 109.0.5414.119, chrome: {chromedriverVersion: 109.0.5414.74 (e7c5703604da..., userDataDir: /var/folders/yf/nnr6c17s4fd...}, goog:chromeOptions: {debuggerAddress: localhost:49675}, networkConnectionEnabled: false, pageLoadStrategy: normal, platformName: MAC, proxy: Proxy(), se:cdp: ws://localhost:49675/devtoo..., se:cdpVersion: 109.0.5414.119, setWindowRect: true, strictFileInteractability: false, timeouts: {implicit: 0, pageLoad: 300000, script: 30000}, unhandledPromptBehavior: dismiss and notify, webauthn:extension:credBlob: true, webauthn:extension:largeBlob: true, webauthn:virtualAuthenticators: true}
Session ID: 4b4e9f6066b0e9b1230e88cf77042750
at org.openqa.selenium.remote.codec.w3c.W3CHttpResponseCodec.createException(W3CHttpResponseCodec.java:200)
at org.openqa.selenium.remote.codec.w3c.W3CHttpResponseCodec.decode(W3CHttpResponseCodec.java:133)
at org.openqa.selenium.remote.codec.w3c.W3CHttpResponseCodec.decode(W3CHttpResponseCodec.java:53)
at org.openqa.selenium.remote.HttpCommandExecutor.execute(HttpCommandExecutor.java:184)
at org.openqa.selenium.remote.service.DriverCommandExecutor.invokeExecute(DriverCommandExecutor.java:167)
at org.openqa.selenium.remote.service.DriverCommandExecutor.execute(DriverCommandExecutor.java:142)
at org.openqa.selenium.remote.RemoteWebDriver.execute(RemoteWebDriver.java:535)
at org.openqa.selenium.remote.ElementLocation$ElementFinder$2.findElement(ElementLocation.java:162)
at org.openqa.selenium.remote.ElementLocation.findElement(ElementLocation.java:60)
at org.openqa.selenium.remote.RemoteWebDriver.findElement(RemoteWebDriver.java:351)
at org.openqa.selenium.remote.RemoteWebDriver.findElement(RemoteWebDriver.java:343)
at org.openqa.selenium.support.pagefactory.DefaultElementLocator.findElement(DefaultElementLocator.java:70)
at org.openqa.selenium.support.pagefactory.internal.LocatingElementHandler.invoke(LocatingElementHandler.java:39)
at jdk.proxy2/jdk.proxy2.$Proxy17.click(Unknown Source)
at babbyarkWeb.Pages.ShopPage.openForevereSafeAlert(ShopPage.java:48)
at babyarkWeb.Tests.SimpleCheckTests.foreverSafeFrameTest(SimpleCheckTests.java:14)
at java.base/java.util.ArrayList.forEach(ArrayList.java:1511)
... Removed 31 stack frames]]>
    </failure>
  </testcase> <!-- foreverSafeFrameTest -->
</testsuite> <!-- Test -->
